Build started 14/01/2011 14:55:15.
     1>Project "C:\Users\Micky D\Documents\Visual Studio 2010\Projects\NoAirHockey\NoAirHockey\NoAirHockey.vcxproj" on node 2 (build target(s)).
     1>InitializeBuildStatus:
         Creating "Debug\NoAirHockey.unsuccessfulbuild" because "AlwaysCreate" was specified.
       ClCompile:
         C:\Program Files (x86)\Microsoft Visual Studio 10.0\VC\bin\CL.exe /c /Iwinmm.lib /ZI /nologo /W3 /WX- /Od /Oy- /D WIN32 /D _DEBUG /D _WINDOWS /D _MBCS /Gm /EHsc /RTC1 /MDd /GS /fp:precise /Zc:wchar_t /Zc:forScope /Fo"Debug\\" /Fd"Debug\vc100.pdb" /Gd /TP /analyze- /errorReport:prompt Game.cpp
         Game.cpp
       ResourceCompile:
         All outputs are up-to-date.
       ManifestResourceCompile:
         All outputs are up-to-date.
       Link:
         C:\Program Files (x86)\Microsoft Visual Studio 10.0\VC\bin\link.exe /ERRORREPORT:PROMPT /OUT:"C:\Users\Micky D\Documents\Visual Studio 2010\Projects\NoAirHockey\Debug\NoAirHockey.exe" /INCREMENTAL /NOLOGO winmm.lib kernel32.lib user32.lib gdi32.lib winspool.lib comdlg32.lib advapi32.lib shell32.lib ole32.lib oleaut32.lib uuid.lib odbc32.lib odbccp32.lib /MANIFEST /ManifestFile:"Debug\NoAirHockey.exe.intermediate.manifest" /MANIFESTUAC:"level='asInvoker' uiAccess='false'" /DEBUG /PDB:"C:\Users\Micky D\Documents\Visual Studio 2010\Projects\NoAirHockey\Debug\NoAirHockey.pdb" /SUBSYSTEM:WINDOWS /TLBID:1 /DYNAMICBASE /NXCOMPAT /IMPLIB:"C:\Users\Micky D\Documents\Visual Studio 2010\Projects\NoAirHockey\Debug\NoAirHockey.lib" /MACHINE:X86 Debug\NoAirHockey.res
         Debug\NoAirHockey.exe.embed.manifest.res
         Debug\BackBuffer.obj
         Debug\Circle.obj
         Debug\Game.obj
         Debug\main.obj
         Debug\Rect.obj
         Debug\Sprite.obj
         Debug\Vector2.obj
       Manifest:
         C:\Program Files (x86)\Microsoft SDKs\Windows\v7.0A\bin\mt.exe /nologo /verbose /out:"Debug\NoAirHockey.exe.embed.manifest" /manifest Debug\NoAirHockey.exe.intermediate.manifest
         All outputs are up-to-date.
       LinkEmbedManifest:
         All outputs are up-to-date.
         NoAirHockey.vcxproj -> C:\Users\Micky D\Documents\Visual Studio 2010\Projects\NoAirHockey\Debug\NoAirHockey.exe
       FinalizeBuildStatus:
         Deleting file "Debug\NoAirHockey.unsuccessfulbuild".
         Touching "Debug\NoAirHockey.lastbuildstate".
     1>Done Building Project "C:\Users\Micky D\Documents\Visual Studio 2010\Projects\NoAirHockey\NoAirHockey\NoAirHockey.vcxproj" (build target(s)).

Build succeeded.

Time Elapsed 00:00:01.16
