Build started 16/01/2013 18:10:26.
     1>Project "C:\Users\Michael\Desktop\0901657DX10Scene\0901657DX10Scene\0901657DX10Scene.vcxproj" on node 2 (build target(s)).
     1>InitializeBuildStatus:
         Creating "Release\0901657DX10Scene.unsuccessfulbuild" because "AlwaysCreate" was specified.
       ClCompile:
         c:\Program Files (x86)\Microsoft Visual Studio 10.0\VC\bin\CL.exe /c /Zi /nologo /W3 /WX- /O2 /Oi /Oy- /GL /D WIN32 /D NDEBUG /D _WINDOWS /D _UNICODE /D UNICODE /Gm- /EHsc /MD /GS /Gy /fp:precise /Zc:wchar_t /Zc:forScope /Fo"Release\\" /Fd"Release\vc100.pdb" /Gd /TP /analyze- /errorReport:prompt AncientRuin.cpp Camera.cpp d3dApp.cpp d3dUtil.cpp Effect.cpp Effects.cpp GameTimer.cpp Geometry.cpp InputLayouts.cpp Lighthouse.cpp MainApp.cpp MathHelp.cpp Sky.cpp States.cpp Tech.cpp TextureMgr.cpp Textures.cpp Waves.cpp
         AncientRuin.cpp
         Camera.cpp
         d3dApp.cpp
     1>d3dApp.cpp(121): warning C4996: 'wcscpy': This function or variable may be unsafe. Consider using wcscpy_s instead. To disable deprecation, use _CRT_SECURE_NO_WARNINGS. See online help for details.
                 c:\Program Files (x86)\Microsoft Visual Studio 10.0\VC\include\string.h(283) : see declaration of 'wcscpy'
         d3dUtil.cpp
         Effect.cpp
         Effects.cpp
         GameTimer.cpp
         Geometry.cpp
         InputLayouts.cpp
         Lighthouse.cpp
         MainApp.cpp
         MathHelp.cpp
         Sky.cpp
         States.cpp
         Tech.cpp
         TextureMgr.cpp
         Textures.cpp
         Waves.cpp
       Link:
         c:\Program Files (x86)\Microsoft Visual Studio 10.0\VC\bin\link.exe /ERRORREPORT:PROMPT /OUT:"C:\Users\Michael\Desktop\0901657DX10Scene\Release\0901657DX10Scene.exe" /INCREMENTAL:NO /NOLOGO d3d10.lib d3dx10d.lib dxerr.lib dxguid.lib kernel32.lib user32.lib gdi32.lib winspool.lib comdlg32.lib advapi32.lib shell32.lib ole32.lib oleaut32.lib uuid.lib odbc32.lib odbccp32.lib /MANIFEST /ManifestFile:"Release\0901657DX10Scene.exe.intermediate.manifest" /MANIFESTUAC:"level='asInvoker' uiAccess='false'" /DEBUG /PDB:"C:\Users\Michael\Desktop\0901657DX10Scene\Release\0901657DX10Scene.pdb" /SUBSYSTEM:WINDOWS /OPT:REF /OPT:ICF /LTCG /TLBID:1 /DYNAMICBASE /NXCOMPAT /IMPLIB:"C:\Users\Michael\Desktop\0901657DX10Scene\Release\0901657DX10Scene.lib" /MACHINE:X86 Release\AncientRuin.obj
         Release\Camera.obj
         Release\d3dApp.obj
         Release\d3dUtil.obj
         Release\Effect.obj
         Release\Effects.obj
         Release\GameTimer.obj
         Release\Geometry.obj
         Release\InputLayouts.obj
         Release\Lighthouse.obj
         Release\MainApp.obj
         Release\MathHelp.obj
         Release\Sky.obj
         Release\States.obj
         Release\Tech.obj
         Release\TextureMgr.obj
         Release\Textures.obj
         Release\Waves.obj
         Generating code
         Finished generating code
         0901657DX10Scene.vcxproj -> C:\Users\Michael\Desktop\0901657DX10Scene\Release\0901657DX10Scene.exe
       Manifest:
         C:\Program Files (x86)\Microsoft SDKs\Windows\v7.0A\bin\mt.exe /nologo /verbose /outputresource:"C:\Users\Michael\Desktop\0901657DX10Scene\Release\0901657DX10Scene.exe;#1" /manifest Release\0901657DX10Scene.exe.intermediate.manifest
       FinalizeBuildStatus:
         Deleting file "Release\0901657DX10Scene.unsuccessfulbuild".
         Touching "Release\0901657DX10Scene.lastbuildstate".
     1>Done Building Project "C:\Users\Michael\Desktop\0901657DX10Scene\0901657DX10Scene\0901657DX10Scene.vcxproj" (build target(s)).

Build succeeded.

Time Elapsed 00:00:16.06
