C:\USERS\MICHAEL\DOCUMENTS\VISUAL STUDIO 2010\PROJECTS\THEGUNSLINGERFOLLOWED\THEGUNSLINGERFOLLOWED\RELEASE\BLENDMAP.OBJ
C:\USERS\MICHAEL\DOCUMENTS\VISUAL STUDIO 2010\PROJECTS\THEGUNSLINGERFOLLOWED\THEGUNSLINGERFOLLOWED\RELEASE\BLURFILTER.OBJ
C:\USERS\MICHAEL\DOCUMENTS\VISUAL STUDIO 2010\PROJECTS\THEGUNSLINGERFOLLOWED\THEGUNSLINGERFOLLOWED\RELEASE\CAMERA.OBJ
C:\Users\Michael\documents\visual studio 2010\Projects\TheGunslingerFollowed\TheGunslingerFollowed\Release\cl.command.1.tlog
C:\Users\Michael\documents\visual studio 2010\Projects\TheGunslingerFollowed\TheGunslingerFollowed\Release\CL.read.1.tlog
C:\Users\Michael\documents\visual studio 2010\Projects\TheGunslingerFollowed\TheGunslingerFollowed\Release\CL.write.1.tlog
C:\USERS\MICHAEL\DOCUMENTS\VISUAL STUDIO 2010\PROJECTS\THEGUNSLINGERFOLLOWED\THEGUNSLINGERFOLLOWED\RELEASE\D3DAPP.OBJ
C:\USERS\MICHAEL\DOCUMENTS\VISUAL STUDIO 2010\PROJECTS\THEGUNSLINGERFOLLOWED\THEGUNSLINGERFOLLOWED\RELEASE\D3DUTIL.OBJ
C:\USERS\MICHAEL\DOCUMENTS\VISUAL STUDIO 2010\PROJECTS\THEGUNSLINGERFOLLOWED\THEGUNSLINGERFOLLOWED\RELEASE\EFFECTS.OBJ
C:\USERS\MICHAEL\DOCUMENTS\VISUAL STUDIO 2010\PROJECTS\THEGUNSLINGERFOLLOWED\THEGUNSLINGERFOLLOWED\RELEASE\GEOMETRYGENERATOR.OBJ
C:\USERS\MICHAEL\DOCUMENTS\VISUAL STUDIO 2010\PROJECTS\THEGUNSLINGERFOLLOWED\THEGUNSLINGERFOLLOWED\RELEASE\HEIGHTMAP.OBJ
C:\USERS\MICHAEL\DOCUMENTS\VISUAL STUDIO 2010\PROJECTS\THEGUNSLINGERFOLLOWED\THEGUNSLINGERFOLLOWED\RELEASE\HUT.OBJ
C:\USERS\MICHAEL\DOCUMENTS\VISUAL STUDIO 2010\PROJECTS\THEGUNSLINGERFOLLOWED\THEGUNSLINGERFOLLOWED\RELEASE\LIGHTHELPER.OBJ
C:\Users\Michael\documents\visual studio 2010\Projects\TheGunslingerFollowed\TheGunslingerFollowed\Release\link.command.1.tlog
C:\Users\Michael\documents\visual studio 2010\Projects\TheGunslingerFollowed\TheGunslingerFollowed\Release\link.read.1.tlog
C:\Users\Michael\documents\visual studio 2010\Projects\TheGunslingerFollowed\TheGunslingerFollowed\Release\link.write.1.tlog
C:\USERS\MICHAEL\DOCUMENTS\VISUAL STUDIO 2010\PROJECTS\THEGUNSLINGERFOLLOWED\THEGUNSLINGERFOLLOWED\RELEASE\MAINAPP.OBJ
C:\USERS\MICHAEL\DOCUMENTS\VISUAL STUDIO 2010\PROJECTS\THEGUNSLINGERFOLLOWED\THEGUNSLINGERFOLLOWED\RELEASE\MATHHELPER.OBJ
C:\USERS\MICHAEL\DOCUMENTS\VISUAL STUDIO 2010\PROJECTS\THEGUNSLINGERFOLLOWED\THEGUNSLINGERFOLLOWED\RELEASE\MOHAINEDESERT.OBJ
C:\USERS\MICHAEL\DOCUMENTS\VISUAL STUDIO 2010\PROJECTS\THEGUNSLINGERFOLLOWED\THEGUNSLINGERFOLLOWED\RELEASE\NOISE.OBJ
C:\USERS\MICHAEL\DOCUMENTS\VISUAL STUDIO 2010\PROJECTS\THEGUNSLINGERFOLLOWED\THEGUNSLINGERFOLLOWED\RELEASE\PARTICLESYSTEM.OBJ
C:\USERS\MICHAEL\DOCUMENTS\VISUAL STUDIO 2010\PROJECTS\THEGUNSLINGERFOLLOWED\THEGUNSLINGERFOLLOWED\RELEASE\RENDERERTEXTURE.OBJ
C:\USERS\MICHAEL\DOCUMENTS\VISUAL STUDIO 2010\PROJECTS\THEGUNSLINGERFOLLOWED\THEGUNSLINGERFOLLOWED\RELEASE\RENDERSTATES.OBJ
C:\USERS\MICHAEL\DOCUMENTS\VISUAL STUDIO 2010\PROJECTS\THEGUNSLINGERFOLLOWED\THEGUNSLINGERFOLLOWED\RELEASE\SCENETIMER.OBJ
C:\USERS\MICHAEL\DOCUMENTS\VISUAL STUDIO 2010\PROJECTS\THEGUNSLINGERFOLLOWED\THEGUNSLINGERFOLLOWED\RELEASE\SKY.OBJ
C:\USERS\MICHAEL\DOCUMENTS\VISUAL STUDIO 2010\PROJECTS\THEGUNSLINGERFOLLOWED\THEGUNSLINGERFOLLOWED\RELEASE\TERRAIN.OBJ
C:\USERS\MICHAEL\DOCUMENTS\VISUAL STUDIO 2010\PROJECTS\THEGUNSLINGERFOLLOWED\THEGUNSLINGERFOLLOWED\RELEASE\TEXTUREMANAGER.OBJ
C:\USERS\MICHAEL\DOCUMENTS\VISUAL STUDIO 2010\PROJECTS\THEGUNSLINGERFOLLOWED\THEGUNSLINGERFOLLOWED\RELEASE\VC100.PDB
C:\USERS\MICHAEL\DOCUMENTS\VISUAL STUDIO 2010\PROJECTS\THEGUNSLINGERFOLLOWED\THEGUNSLINGERFOLLOWED\RELEASE\VECTOR2.OBJ
C:\USERS\MICHAEL\DOCUMENTS\VISUAL STUDIO 2010\PROJECTS\THEGUNSLINGERFOLLOWED\THEGUNSLINGERFOLLOWED\RELEASE\VECTOR3.OBJ
C:\USERS\MICHAEL\DOCUMENTS\VISUAL STUDIO 2010\PROJECTS\THEGUNSLINGERFOLLOWED\THEGUNSLINGERFOLLOWED\RELEASE\VERTEX.OBJ
