C:\USERS\MICHAEL\DESKTOP\MY WORK\DIRECTX11\PROJECTS\AIR HOCKEY CLIENT\AIR HOCKEY CLIENT\DEBUG\AIR HOCKEY CLIENT.EXE.EMBED.MANIFEST
C:\USERS\MICHAEL\DESKTOP\MY WORK\DIRECTX11\PROJECTS\AIR HOCKEY CLIENT\AIR HOCKEY CLIENT\DEBUG\AIR HOCKEY CLIENT.EXE.EMBED.MANIFEST.RES
C:\USERS\MICHAEL\DESKTOP\MY WORK\DIRECTX11\PROJECTS\AIR HOCKEY CLIENT\AIR HOCKEY CLIENT\DEBUG\AIR HOCKEY CLIENT.EXE.INTERMEDIATE.MANIFEST
C:\Users\Michael\Desktop\My Work\DirectX11\Projects\Air Hockey Client\Air Hockey Client\Debug\Air Hockey Client.write.1.tlog
C:\Users\Michael\Desktop\My Work\DirectX11\Projects\Air Hockey Client\Air Hockey Client\Debug\Air Hockey Client_manifest.rc
C:\USERS\MICHAEL\DESKTOP\MY WORK\DIRECTX11\PROJECTS\AIR HOCKEY CLIENT\AIR HOCKEY CLIENT\DEBUG\AIRHOCKEYTABLE.OBJ
C:\USERS\MICHAEL\DESKTOP\MY WORK\DIRECTX11\PROJECTS\AIR HOCKEY CLIENT\AIR HOCKEY CLIENT\DEBUG\BINARYPACKET.OBJ
C:\USERS\MICHAEL\DESKTOP\MY WORK\DIRECTX11\PROJECTS\AIR HOCKEY CLIENT\AIR HOCKEY CLIENT\DEBUG\CAMERA.OBJ
C:\USERS\MICHAEL\DESKTOP\MY WORK\DIRECTX11\PROJECTS\AIR HOCKEY CLIENT\AIR HOCKEY CLIENT\DEBUG\CIRCLE.OBJ
C:\Users\Michael\Desktop\My Work\DirectX11\Projects\Air Hockey Client\Air Hockey Client\Debug\cl.command.1.tlog
C:\Users\Michael\Desktop\My Work\DirectX11\Projects\Air Hockey Client\Air Hockey Client\Debug\CL.read.1.tlog
C:\Users\Michael\Desktop\My Work\DirectX11\Projects\Air Hockey Client\Air Hockey Client\Debug\CL.write.1.tlog
C:\USERS\MICHAEL\DESKTOP\MY WORK\DIRECTX11\PROJECTS\AIR HOCKEY CLIENT\AIR HOCKEY CLIENT\DEBUG\D3DAPP.OBJ
C:\USERS\MICHAEL\DESKTOP\MY WORK\DIRECTX11\PROJECTS\AIR HOCKEY CLIENT\AIR HOCKEY CLIENT\DEBUG\D3DUTIL.OBJ
C:\USERS\MICHAEL\DESKTOP\MY WORK\DIRECTX11\PROJECTS\AIR HOCKEY CLIENT\AIR HOCKEY CLIENT\DEBUG\EFFECTS.OBJ
C:\USERS\MICHAEL\DESKTOP\MY WORK\DIRECTX11\PROJECTS\AIR HOCKEY CLIENT\AIR HOCKEY CLIENT\DEBUG\GAME.OBJ
C:\USERS\MICHAEL\DESKTOP\MY WORK\DIRECTX11\PROJECTS\AIR HOCKEY CLIENT\AIR HOCKEY CLIENT\DEBUG\GEOMETRYGENERATOR.OBJ
C:\USERS\MICHAEL\DESKTOP\MY WORK\DIRECTX11\PROJECTS\AIR HOCKEY CLIENT\AIR HOCKEY CLIENT\DEBUG\LIGHTHELPER.OBJ
C:\Users\Michael\Desktop\My Work\DirectX11\Projects\Air Hockey Client\Air Hockey Client\Debug\link.2984.read.1.tlog
C:\Users\Michael\Desktop\My Work\DirectX11\Projects\Air Hockey Client\Air Hockey Client\Debug\link.2984.write.1.tlog
C:\Users\Michael\Desktop\My Work\DirectX11\Projects\Air Hockey Client\Air Hockey Client\Debug\link.2984-cvtres.read.1.tlog
C:\Users\Michael\Desktop\My Work\DirectX11\Projects\Air Hockey Client\Air Hockey Client\Debug\link.2984-cvtres.write.1.tlog
C:\Users\Michael\Desktop\My Work\DirectX11\Projects\Air Hockey Client\Air Hockey Client\Debug\link.5392.read.1.tlog
C:\Users\Michael\Desktop\My Work\DirectX11\Projects\Air Hockey Client\Air Hockey Client\Debug\link.5392.write.1.tlog
C:\Users\Michael\Desktop\My Work\DirectX11\Projects\Air Hockey Client\Air Hockey Client\Debug\link.5392-cvtres.read.1.tlog
C:\Users\Michael\Desktop\My Work\DirectX11\Projects\Air Hockey Client\Air Hockey Client\Debug\link.5392-cvtres.write.1.tlog
C:\Users\Michael\Desktop\My Work\DirectX11\Projects\Air Hockey Client\Air Hockey Client\Debug\link.8728.read.1.tlog
C:\Users\Michael\Desktop\My Work\DirectX11\Projects\Air Hockey Client\Air Hockey Client\Debug\link.8728.write.1.tlog
C:\Users\Michael\Desktop\My Work\DirectX11\Projects\Air Hockey Client\Air Hockey Client\Debug\link.8728-cvtres.read.1.tlog
C:\Users\Michael\Desktop\My Work\DirectX11\Projects\Air Hockey Client\Air Hockey Client\Debug\link.8728-cvtres.write.1.tlog
C:\Users\Michael\Desktop\My Work\DirectX11\Projects\Air Hockey Client\Air Hockey Client\Debug\link.9520.read.1.tlog
C:\Users\Michael\Desktop\My Work\DirectX11\Projects\Air Hockey Client\Air Hockey Client\Debug\link.9520.write.1.tlog
C:\Users\Michael\Desktop\My Work\DirectX11\Projects\Air Hockey Client\Air Hockey Client\Debug\link.9520-cvtres.read.1.tlog
C:\Users\Michael\Desktop\My Work\DirectX11\Projects\Air Hockey Client\Air Hockey Client\Debug\link.9520-cvtres.write.1.tlog
C:\Users\Michael\Desktop\My Work\DirectX11\Projects\Air Hockey Client\Air Hockey Client\Debug\link.9800.read.1.tlog
C:\Users\Michael\Desktop\My Work\DirectX11\Projects\Air Hockey Client\Air Hockey Client\Debug\link.9800.write.1.tlog
C:\Users\Michael\Desktop\My Work\DirectX11\Projects\Air Hockey Client\Air Hockey Client\Debug\link.9800-cvtres.read.1.tlog
C:\Users\Michael\Desktop\My Work\DirectX11\Projects\Air Hockey Client\Air Hockey Client\Debug\link.9800-cvtres.write.1.tlog
C:\Users\Michael\Desktop\My Work\DirectX11\Projects\Air Hockey Client\Air Hockey Client\Debug\link.command.1.tlog
C:\Users\Michael\Desktop\My Work\DirectX11\Projects\Air Hockey Client\Air Hockey Client\Debug\link.read.1.tlog
C:\Users\Michael\Desktop\My Work\DirectX11\Projects\Air Hockey Client\Air Hockey Client\Debug\link.write.1.tlog
C:\Users\Michael\Desktop\My Work\DirectX11\Projects\Air Hockey Client\Air Hockey Client\Debug\link-cvtres.read.1.tlog
C:\Users\Michael\Desktop\My Work\DirectX11\Projects\Air Hockey Client\Air Hockey Client\Debug\link-cvtres.write.1.tlog
C:\USERS\MICHAEL\DESKTOP\MY WORK\DIRECTX11\PROJECTS\AIR HOCKEY CLIENT\AIR HOCKEY CLIENT\DEBUG\MAINAPP.OBJ
C:\USERS\MICHAEL\DESKTOP\MY WORK\DIRECTX11\PROJECTS\AIR HOCKEY CLIENT\AIR HOCKEY CLIENT\DEBUG\MATHHELPER.OBJ
C:\Users\Michael\Desktop\My Work\DirectX11\Projects\Air Hockey Client\Air Hockey Client\Debug\mt.command.1.tlog
C:\Users\Michael\Desktop\My Work\DirectX11\Projects\Air Hockey Client\Air Hockey Client\Debug\mt.read.1.tlog
C:\Users\Michael\Desktop\My Work\DirectX11\Projects\Air Hockey Client\Air Hockey Client\Debug\mt.write.1.tlog
C:\USERS\MICHAEL\DESKTOP\MY WORK\DIRECTX11\PROJECTS\AIR HOCKEY CLIENT\AIR HOCKEY CLIENT\DEBUG\NETWORK.OBJ
C:\USERS\MICHAEL\DESKTOP\MY WORK\DIRECTX11\PROJECTS\AIR HOCKEY CLIENT\AIR HOCKEY CLIENT\DEBUG\OBB2D.OBJ
C:\USERS\MICHAEL\DESKTOP\MY WORK\DIRECTX11\PROJECTS\AIR HOCKEY CLIENT\AIR HOCKEY CLIENT\DEBUG\PADDLE.OBJ
C:\USERS\MICHAEL\DESKTOP\MY WORK\DIRECTX11\PROJECTS\AIR HOCKEY CLIENT\AIR HOCKEY CLIENT\DEBUG\PLAYER.OBJ
C:\USERS\MICHAEL\DESKTOP\MY WORK\DIRECTX11\PROJECTS\AIR HOCKEY CLIENT\AIR HOCKEY CLIENT\DEBUG\PUCK.OBJ
C:\Users\Michael\Desktop\My Work\DirectX11\Projects\Air Hockey Client\Air Hockey Client\Debug\rc.command.1.tlog
C:\Users\Michael\Desktop\My Work\DirectX11\Projects\Air Hockey Client\Air Hockey Client\Debug\rc.read.1.tlog
C:\Users\Michael\Desktop\My Work\DirectX11\Projects\Air Hockey Client\Air Hockey Client\Debug\rc.write.1.tlog
C:\USERS\MICHAEL\DESKTOP\MY WORK\DIRECTX11\PROJECTS\AIR HOCKEY CLIENT\AIR HOCKEY CLIENT\DEBUG\RENDERSTATES.OBJ
C:\USERS\MICHAEL\DESKTOP\MY WORK\DIRECTX11\PROJECTS\AIR HOCKEY CLIENT\AIR HOCKEY CLIENT\DEBUG\SCENETIMER.OBJ
C:\USERS\MICHAEL\DESKTOP\MY WORK\DIRECTX11\PROJECTS\AIR HOCKEY CLIENT\AIR HOCKEY CLIENT\DEBUG\SKY.OBJ
C:\USERS\MICHAEL\DESKTOP\MY WORK\DIRECTX11\PROJECTS\AIR HOCKEY CLIENT\AIR HOCKEY CLIENT\DEBUG\TEXTUREMANAGER.OBJ
C:\Users\Michael\Desktop\My Work\DirectX11\Projects\Air Hockey Client\Air Hockey Client\Debug\vc100.idb
C:\USERS\MICHAEL\DESKTOP\MY WORK\DIRECTX11\PROJECTS\AIR HOCKEY CLIENT\AIR HOCKEY CLIENT\DEBUG\VC100.PDB
C:\USERS\MICHAEL\DESKTOP\MY WORK\DIRECTX11\PROJECTS\AIR HOCKEY CLIENT\AIR HOCKEY CLIENT\DEBUG\VECTOR2.OBJ
C:\USERS\MICHAEL\DESKTOP\MY WORK\DIRECTX11\PROJECTS\AIR HOCKEY CLIENT\AIR HOCKEY CLIENT\DEBUG\VECTOR3.OBJ
C:\USERS\MICHAEL\DESKTOP\MY WORK\DIRECTX11\PROJECTS\AIR HOCKEY CLIENT\AIR HOCKEY CLIENT\DEBUG\VERTEX.OBJ
C:\USERS\MICHAEL\DESKTOP\MY WORK\DIRECTX11\PROJECTS\AIR HOCKEY CLIENT\DEBUG\AIR HOCKEY CLIENT.EXE
C:\Users\Michael\Desktop\My Work\DirectX11\Projects\Air Hockey Client\Debug\Air Hockey Client.exp
C:\USERS\MICHAEL\DESKTOP\MY WORK\DIRECTX11\PROJECTS\AIR HOCKEY CLIENT\DEBUG\AIR HOCKEY CLIENT.ILK
C:\Users\Michael\Desktop\My Work\DirectX11\Projects\Air Hockey Client\Debug\Air Hockey Client.lib
C:\USERS\MICHAEL\DESKTOP\MY WORK\DIRECTX11\PROJECTS\AIR HOCKEY CLIENT\DEBUG\AIR HOCKEY CLIENT.PDB
