Build started 14/08/2016 09:45:14.
     1>Project "C:\Users\Michael\Desktop\dt-clean\MGD GAMES\Android Games\Old Workspace Files\Work\Workspace\Visual Studio 2010\University Applications\The Gunslinger Followed\TheGunslingerFollowed\TheGunslingerFollowed.vcxproj" on node 2 (build target(s)).
     1>InitializeBuildStatus:
         Creating "Debug\TheGunslingerFollowed.unsuccessfulbuild" because "AlwaysCreate" was specified.
       CustomBuild:
         fxc compile for debug:C:\Users\Michael\Desktop\dt-clean\MGD GAMES\Android Games\Old Workspace Files\Work\Workspace\Visual Studio 2010\University Applications\The Gunslinger Followed\TheGunslingerFollowed\FX\Terrain.fx
         Microsoft (R) Direct3D Shader Compiler 9.29.952.3111
         Copyright (C) Microsoft Corporation 2002-2009. All rights reserved.
         
         compilation succeeded; see C:\Users\Michael\Desktop\dt-clean\MGD GAMES\Android Games\Old Workspace Files\Work\Workspace\Visual Studio 2010\University Applications\The Gunslinger Followed\TheGunslingerFollowed\FX\Terrain.fxo
         fxc compile for debug:C:\Users\Michael\Desktop\dt-clean\MGD GAMES\Android Games\Old Workspace Files\Work\Workspace\Visual Studio 2010\University Applications\The Gunslinger Followed\TheGunslingerFollowed\FX\Blur.fx
         Microsoft (R) Direct3D Shader Compiler 9.29.952.3111
         Copyright (C) Microsoft Corporation 2002-2009. All rights reserved.
         
         compilation succeeded; see C:\Users\Michael\Desktop\dt-clean\MGD GAMES\Android Games\Old Workspace Files\Work\Workspace\Visual Studio 2010\University Applications\The Gunslinger Followed\TheGunslingerFollowed\FX\Blur.fxo
       ClCompile:
         c:\Program Files (x86)\Microsoft Visual Studio 10.0\VC\bin\CL.exe /c /ZI /nologo /W3 /WX- /Od /Oy- /D WIN32 /D _DEBUG /D _WINDOWS /D _UNICODE /D UNICODE /Gm /EHsc /RTC1 /MDd /GS /fp:precise /Zc:wchar_t /Zc:forScope /Fo"Debug\\" /Fd"Debug\vc100.pdb" /Gd /TP /analyze- /errorReport:prompt BlendMap.cpp BlurFilter.cpp Camera.cpp D3DApp.cpp D3DUtil.cpp Effects.cpp GeometryGenerator.cpp Heightmap.cpp Hut.cpp LightHelper.cpp MainApp.cpp MathHelper.cpp MohaineDesert.cpp Noise.cpp ParticleSystem.cpp RendererTexture.cpp RenderStates.cpp SceneTimer.cpp Sky.cpp Terrain.cpp TextureManager.cpp Vector2.cpp Vector3.cpp Vertex.cpp
         Vertex.cpp
         Vector3.cpp
         Vector2.cpp
         TextureManager.cpp
         Terrain.cpp
         Sky.cpp
         SceneTimer.cpp
         RenderStates.cpp
         RendererTexture.cpp
         ParticleSystem.cpp
         Noise.cpp
         MohaineDesert.cpp
         MathHelper.cpp
         MainApp.cpp
         LightHelper.cpp
         Hut.cpp
         Heightmap.cpp
         GeometryGenerator.cpp
         Effects.cpp
         D3DUtil.cpp
         Generating Code...
         Compiling...
         D3DApp.cpp
         Camera.cpp
         BlurFilter.cpp
     1>c:\program files (x86)\microsoft visual studio 10.0\vc\include\crtdbg.h(587): warning C4005: '_malloca' : macro redefinition
                 c:\program files (x86)\microsoft visual studio 10.0\vc\include\malloc.h(209) : see previous definition of '_malloca'
         BlendMap.cpp
         Generating Code...
       ManifestResourceCompile:
         C:\Program Files (x86)\Microsoft SDKs\Windows\v7.0A\bin\rc.exe /nologo /fo"Debug\TheGunslingerFollowed.exe.embed.manifest.res" Debug\TheGunslingerFollowed_manifest.rc 
       Link:
         c:\Program Files (x86)\Microsoft Visual Studio 10.0\VC\bin\link.exe /ERRORREPORT:PROMPT /OUT:"C:\Users\Michael\Desktop\dt-clean\MGD GAMES\Android Games\Old Workspace Files\Work\Workspace\Visual Studio 2010\University Applications\The Gunslinger Followed\Debug\TheGunslingerFollowed.exe" /INCREMENTAL /NOLOGO d3d11.lib d3dx11d.lib D3DCompiler.lib Effects11d.lib dxerr.lib dxgi.lib dxguid.lib kernel32.lib user32.lib gdi32.lib winspool.lib comdlg32.lib advapi32.lib shell32.lib ole32.lib oleaut32.lib uuid.lib odbc32.lib odbccp32.lib /MANIFEST /ManifestFile:"Debug\TheGunslingerFollowed.exe.intermediate.manifest" /MANIFESTUAC:"level='asInvoker' uiAccess='false'" /DEBUG /PDB:"C:\Users\Michael\Desktop\dt-clean\MGD GAMES\Android Games\Old Workspace Files\Work\Workspace\Visual Studio 2010\University Applications\The Gunslinger Followed\Debug\TheGunslingerFollowed.pdb" /SUBSYSTEM:WINDOWS /TLBID:1 /DYNAMICBASE /NXCOMPAT /IMPLIB:"C:\Users\Michael\Desktop\dt-clean\MGD GAMES\Android Games\Old Workspace Files\Work\Workspace\Visual Studio 2010\University Applications\The Gunslinger Followed\Debug\TheGunslingerFollowed.lib" /MACHINE:X86 Debug\TheGunslingerFollowed.exe.embed.manifest.res
         Debug\BlendMap.obj
         Debug\BlurFilter.obj
         Debug\Camera.obj
         Debug\D3DApp.obj
         Debug\D3DUtil.obj
         Debug\Effects.obj
         Debug\GeometryGenerator.obj
         Debug\Heightmap.obj
         Debug\Hut.obj
         Debug\LightHelper.obj
         Debug\MainApp.obj
         Debug\MathHelper.obj
         Debug\MohaineDesert.obj
         Debug\Noise.obj
         Debug\ParticleSystem.obj
         Debug\RendererTexture.obj
         Debug\RenderStates.obj
         Debug\SceneTimer.obj
         Debug\Sky.obj
         Debug\Terrain.obj
         Debug\TextureManager.obj
         Debug\Vector2.obj
         Debug\Vector3.obj
         Debug\Vertex.obj
            Creating library C:\Users\Michael\Desktop\dt-clean\MGD GAMES\Android Games\Old Workspace Files\Work\Workspace\Visual Studio 2010\University Applications\The Gunslinger Followed\Debug\TheGunslingerFollowed.lib and object C:\Users\Michael\Desktop\dt-clean\MGD GAMES\Android Games\Old Workspace Files\Work\Workspace\Visual Studio 2010\University Applications\The Gunslinger Followed\Debug\TheGunslingerFollowed.exp
     1>Effects11d.lib(d3dx11dbg.obj) : warning LNK4099: PDB 'vc100.pdb' was not found with 'Effects11d.lib(d3dx11dbg.obj)' or at 'C:\Users\Michael\Desktop\dt-clean\MGD GAMES\Android Games\Old Workspace Files\Work\Workspace\Visual Studio 2010\University Applications\The Gunslinger Followed\Debug\vc100.pdb'; linking object as if no debug info
     1>Effects11d.lib(d3dxGlobal.obj) : warning LNK4099: PDB 'vc100.pdb' was not found with 'Effects11d.lib(d3dxGlobal.obj)' or at 'C:\Users\Michael\Desktop\dt-clean\MGD GAMES\Android Games\Old Workspace Files\Work\Workspace\Visual Studio 2010\University Applications\The Gunslinger Followed\Debug\vc100.pdb'; linking object as if no debug info
     1>Effects11d.lib(EffectAPI.obj) : warning LNK4099: PDB 'vc100.pdb' was not found with 'Effects11d.lib(EffectAPI.obj)' or at 'C:\Users\Michael\Desktop\dt-clean\MGD GAMES\Android Games\Old Workspace Files\Work\Workspace\Visual Studio 2010\University Applications\The Gunslinger Followed\Debug\vc100.pdb'; linking object as if no debug info
     1>Effects11d.lib(EffectLoad.obj) : warning LNK4099: PDB 'vc100.pdb' was not found with 'Effects11d.lib(EffectLoad.obj)' or at 'C:\Users\Michael\Desktop\dt-clean\MGD GAMES\Android Games\Old Workspace Files\Work\Workspace\Visual Studio 2010\University Applications\The Gunslinger Followed\Debug\vc100.pdb'; linking object as if no debug info
     1>Effects11d.lib(EffectNonRuntime.obj) : warning LNK4099: PDB 'vc100.pdb' was not found with 'Effects11d.lib(EffectNonRuntime.obj)' or at 'C:\Users\Michael\Desktop\dt-clean\MGD GAMES\Android Games\Old Workspace Files\Work\Workspace\Visual Studio 2010\University Applications\The Gunslinger Followed\Debug\vc100.pdb'; linking object as if no debug info
     1>Effects11d.lib(EffectReflection.obj) : warning LNK4099: PDB 'vc100.pdb' was not found with 'Effects11d.lib(EffectReflection.obj)' or at 'C:\Users\Michael\Desktop\dt-clean\MGD GAMES\Android Games\Old Workspace Files\Work\Workspace\Visual Studio 2010\University Applications\The Gunslinger Followed\Debug\vc100.pdb'; linking object as if no debug info
     1>Effects11d.lib(EffectRuntime.obj) : warning LNK4099: PDB 'vc100.pdb' was not found with 'Effects11d.lib(EffectRuntime.obj)' or at 'C:\Users\Michael\Desktop\dt-clean\MGD GAMES\Android Games\Old Workspace Files\Work\Workspace\Visual Studio 2010\University Applications\The Gunslinger Followed\Debug\vc100.pdb'; linking object as if no debug info
       Manifest:
         C:\Program Files (x86)\Microsoft SDKs\Windows\v7.0A\bin\mt.exe /nologo /verbose /out:"Debug\TheGunslingerFollowed.exe.embed.manifest" /manifest Debug\TheGunslingerFollowed.exe.intermediate.manifest
         All outputs are up-to-date.
       LinkEmbedManifest:
         All outputs are up-to-date.
         TheGunslingerFollowed.vcxproj -> C:\Users\Michael\Desktop\dt-clean\MGD GAMES\Android Games\Old Workspace Files\Work\Workspace\Visual Studio 2010\University Applications\The Gunslinger Followed\Debug\TheGunslingerFollowed.exe
       FinalizeBuildStatus:
         Deleting file "Debug\TheGunslingerFollowed.unsuccessfulbuild".
         Touching "Debug\TheGunslingerFollowed.lastbuildstate".
     1>Done Building Project "C:\Users\Michael\Desktop\dt-clean\MGD GAMES\Android Games\Old Workspace Files\Work\Workspace\Visual Studio 2010\University Applications\The Gunslinger Followed\TheGunslingerFollowed\TheGunslingerFollowed.vcxproj" (build target(s)).

Build succeeded.

Time Elapsed 00:01:06.69
