C:\USERS\MICHAEL\DOCUMENTS\VISUAL STUDIO 2010\PROJECTS\THEGUNSLINGERFOLLOWED\DEBUG\THEGUNSLINGERFOLLOWED.EXE
C:\Users\Michael\documents\visual studio 2010\Projects\TheGunslingerFollowed\Debug\TheGunslingerFollowed.exp
C:\USERS\MICHAEL\DOCUMENTS\VISUAL STUDIO 2010\PROJECTS\THEGUNSLINGERFOLLOWED\DEBUG\THEGUNSLINGERFOLLOWED.ILK
C:\Users\Michael\documents\visual studio 2010\Projects\TheGunslingerFollowed\Debug\TheGunslingerFollowed.lib
C:\USERS\MICHAEL\DOCUMENTS\VISUAL STUDIO 2010\PROJECTS\THEGUNSLINGERFOLLOWED\DEBUG\THEGUNSLINGERFOLLOWED.PDB
C:\USERS\MICHAEL\DOCUMENTS\VISUAL STUDIO 2010\PROJECTS\THEGUNSLINGERFOLLOWED\THEGUNSLINGERFOLLOWED\DEBUG\BLENDMAP.OBJ
C:\USERS\MICHAEL\DOCUMENTS\VISUAL STUDIO 2010\PROJECTS\THEGUNSLINGERFOLLOWED\THEGUNSLINGERFOLLOWED\DEBUG\CAMERA.OBJ
C:\Users\Michael\documents\visual studio 2010\Projects\TheGunslingerFollowed\TheGunslingerFollowed\Debug\cl.command.1.tlog
C:\Users\Michael\documents\visual studio 2010\Projects\TheGunslingerFollowed\TheGunslingerFollowed\Debug\CL.read.1.tlog
C:\Users\Michael\documents\visual studio 2010\Projects\TheGunslingerFollowed\TheGunslingerFollowed\Debug\CL.write.1.tlog
C:\Users\Michael\documents\visual studio 2010\Projects\TheGunslingerFollowed\TheGunslingerFollowed\Debug\custombuild.command.1.tlog
C:\Users\Michael\documents\visual studio 2010\Projects\TheGunslingerFollowed\TheGunslingerFollowed\Debug\custombuild.read.1.tlog
C:\Users\Michael\documents\visual studio 2010\Projects\TheGunslingerFollowed\TheGunslingerFollowed\Debug\custombuild.write.1.tlog
C:\USERS\MICHAEL\DOCUMENTS\VISUAL STUDIO 2010\PROJECTS\THEGUNSLINGERFOLLOWED\THEGUNSLINGERFOLLOWED\DEBUG\D3DAPP.OBJ
C:\USERS\MICHAEL\DOCUMENTS\VISUAL STUDIO 2010\PROJECTS\THEGUNSLINGERFOLLOWED\THEGUNSLINGERFOLLOWED\DEBUG\D3DUTIL.OBJ
C:\USERS\MICHAEL\DOCUMENTS\VISUAL STUDIO 2010\PROJECTS\THEGUNSLINGERFOLLOWED\THEGUNSLINGERFOLLOWED\DEBUG\EFFECTS.OBJ
C:\USERS\MICHAEL\DOCUMENTS\VISUAL STUDIO 2010\PROJECTS\THEGUNSLINGERFOLLOWED\THEGUNSLINGERFOLLOWED\DEBUG\GEOMETRYGENERATOR.OBJ
C:\USERS\MICHAEL\DOCUMENTS\VISUAL STUDIO 2010\PROJECTS\THEGUNSLINGERFOLLOWED\THEGUNSLINGERFOLLOWED\DEBUG\HEIGHTMAP.OBJ
C:\USERS\MICHAEL\DOCUMENTS\VISUAL STUDIO 2010\PROJECTS\THEGUNSLINGERFOLLOWED\THEGUNSLINGERFOLLOWED\DEBUG\HUT.OBJ
C:\USERS\MICHAEL\DOCUMENTS\VISUAL STUDIO 2010\PROJECTS\THEGUNSLINGERFOLLOWED\THEGUNSLINGERFOLLOWED\DEBUG\LIGHTHELPER.OBJ
C:\Users\Michael\documents\visual studio 2010\Projects\TheGunslingerFollowed\TheGunslingerFollowed\Debug\link.1132.read.1.tlog
C:\Users\Michael\documents\visual studio 2010\Projects\TheGunslingerFollowed\TheGunslingerFollowed\Debug\link.1132.write.1.tlog
C:\Users\Michael\documents\visual studio 2010\Projects\TheGunslingerFollowed\TheGunslingerFollowed\Debug\link.1132-cvtres.read.1.tlog
C:\Users\Michael\documents\visual studio 2010\Projects\TheGunslingerFollowed\TheGunslingerFollowed\Debug\link.1132-cvtres.write.1.tlog
C:\Users\Michael\documents\visual studio 2010\Projects\TheGunslingerFollowed\TheGunslingerFollowed\Debug\link.11372.read.1.tlog
C:\Users\Michael\documents\visual studio 2010\Projects\TheGunslingerFollowed\TheGunslingerFollowed\Debug\link.11372.write.1.tlog
C:\Users\Michael\documents\visual studio 2010\Projects\TheGunslingerFollowed\TheGunslingerFollowed\Debug\link.11372-cvtres.read.1.tlog
C:\Users\Michael\documents\visual studio 2010\Projects\TheGunslingerFollowed\TheGunslingerFollowed\Debug\link.11372-cvtres.write.1.tlog
C:\Users\Michael\documents\visual studio 2010\Projects\TheGunslingerFollowed\TheGunslingerFollowed\Debug\link.11832.read.1.tlog
C:\Users\Michael\documents\visual studio 2010\Projects\TheGunslingerFollowed\TheGunslingerFollowed\Debug\link.11832.write.1.tlog
C:\Users\Michael\documents\visual studio 2010\Projects\TheGunslingerFollowed\TheGunslingerFollowed\Debug\link.11832-cvtres.read.1.tlog
C:\Users\Michael\documents\visual studio 2010\Projects\TheGunslingerFollowed\TheGunslingerFollowed\Debug\link.11832-cvtres.write.1.tlog
C:\Users\Michael\documents\visual studio 2010\Projects\TheGunslingerFollowed\TheGunslingerFollowed\Debug\link.13512.read.1.tlog
C:\Users\Michael\documents\visual studio 2010\Projects\TheGunslingerFollowed\TheGunslingerFollowed\Debug\link.13512.write.1.tlog
C:\Users\Michael\documents\visual studio 2010\Projects\TheGunslingerFollowed\TheGunslingerFollowed\Debug\link.13512-cvtres.read.1.tlog
C:\Users\Michael\documents\visual studio 2010\Projects\TheGunslingerFollowed\TheGunslingerFollowed\Debug\link.13512-cvtres.write.1.tlog
C:\Users\Michael\documents\visual studio 2010\Projects\TheGunslingerFollowed\TheGunslingerFollowed\Debug\link.13968.read.1.tlog
C:\Users\Michael\documents\visual studio 2010\Projects\TheGunslingerFollowed\TheGunslingerFollowed\Debug\link.13968.write.1.tlog
C:\Users\Michael\documents\visual studio 2010\Projects\TheGunslingerFollowed\TheGunslingerFollowed\Debug\link.13968-cvtres.read.1.tlog
C:\Users\Michael\documents\visual studio 2010\Projects\TheGunslingerFollowed\TheGunslingerFollowed\Debug\link.13968-cvtres.write.1.tlog
C:\Users\Michael\documents\visual studio 2010\Projects\TheGunslingerFollowed\TheGunslingerFollowed\Debug\link.1552.read.1.tlog
C:\Users\Michael\documents\visual studio 2010\Projects\TheGunslingerFollowed\TheGunslingerFollowed\Debug\link.1552.write.1.tlog
C:\Users\Michael\documents\visual studio 2010\Projects\TheGunslingerFollowed\TheGunslingerFollowed\Debug\link.1552-cvtres.read.1.tlog
C:\Users\Michael\documents\visual studio 2010\Projects\TheGunslingerFollowed\TheGunslingerFollowed\Debug\link.1552-cvtres.write.1.tlog
C:\Users\Michael\documents\visual studio 2010\Projects\TheGunslingerFollowed\TheGunslingerFollowed\Debug\link.2276.read.1.tlog
C:\Users\Michael\documents\visual studio 2010\Projects\TheGunslingerFollowed\TheGunslingerFollowed\Debug\link.2276.write.1.tlog
C:\Users\Michael\documents\visual studio 2010\Projects\TheGunslingerFollowed\TheGunslingerFollowed\Debug\link.2276-cvtres.read.1.tlog
C:\Users\Michael\documents\visual studio 2010\Projects\TheGunslingerFollowed\TheGunslingerFollowed\Debug\link.2276-cvtres.write.1.tlog
C:\Users\Michael\documents\visual studio 2010\Projects\TheGunslingerFollowed\TheGunslingerFollowed\Debug\link.3504.read.1.tlog
C:\Users\Michael\documents\visual studio 2010\Projects\TheGunslingerFollowed\TheGunslingerFollowed\Debug\link.3504.write.1.tlog
C:\Users\Michael\documents\visual studio 2010\Projects\TheGunslingerFollowed\TheGunslingerFollowed\Debug\link.3504-cvtres.read.1.tlog
C:\Users\Michael\documents\visual studio 2010\Projects\TheGunslingerFollowed\TheGunslingerFollowed\Debug\link.3504-cvtres.write.1.tlog
C:\Users\Michael\documents\visual studio 2010\Projects\TheGunslingerFollowed\TheGunslingerFollowed\Debug\link.420.read.1.tlog
C:\Users\Michael\documents\visual studio 2010\Projects\TheGunslingerFollowed\TheGunslingerFollowed\Debug\link.420.write.1.tlog
C:\Users\Michael\documents\visual studio 2010\Projects\TheGunslingerFollowed\TheGunslingerFollowed\Debug\link.420-cvtres.read.1.tlog
C:\Users\Michael\documents\visual studio 2010\Projects\TheGunslingerFollowed\TheGunslingerFollowed\Debug\link.420-cvtres.write.1.tlog
C:\Users\Michael\documents\visual studio 2010\Projects\TheGunslingerFollowed\TheGunslingerFollowed\Debug\link.4224.read.1.tlog
C:\Users\Michael\documents\visual studio 2010\Projects\TheGunslingerFollowed\TheGunslingerFollowed\Debug\link.4224.write.1.tlog
C:\Users\Michael\documents\visual studio 2010\Projects\TheGunslingerFollowed\TheGunslingerFollowed\Debug\link.4224-cvtres.read.1.tlog
C:\Users\Michael\documents\visual studio 2010\Projects\TheGunslingerFollowed\TheGunslingerFollowed\Debug\link.4224-cvtres.write.1.tlog
C:\Users\Michael\documents\visual studio 2010\Projects\TheGunslingerFollowed\TheGunslingerFollowed\Debug\link.4960.read.1.tlog
C:\Users\Michael\documents\visual studio 2010\Projects\TheGunslingerFollowed\TheGunslingerFollowed\Debug\link.4960.write.1.tlog
C:\Users\Michael\documents\visual studio 2010\Projects\TheGunslingerFollowed\TheGunslingerFollowed\Debug\link.4960-cvtres.read.1.tlog
C:\Users\Michael\documents\visual studio 2010\Projects\TheGunslingerFollowed\TheGunslingerFollowed\Debug\link.4960-cvtres.write.1.tlog
C:\Users\Michael\documents\visual studio 2010\Projects\TheGunslingerFollowed\TheGunslingerFollowed\Debug\link.5392.read.1.tlog
C:\Users\Michael\documents\visual studio 2010\Projects\TheGunslingerFollowed\TheGunslingerFollowed\Debug\link.5392.write.1.tlog
C:\Users\Michael\documents\visual studio 2010\Projects\TheGunslingerFollowed\TheGunslingerFollowed\Debug\link.5392-cvtres.read.1.tlog
C:\Users\Michael\documents\visual studio 2010\Projects\TheGunslingerFollowed\TheGunslingerFollowed\Debug\link.5392-cvtres.write.1.tlog
C:\Users\Michael\documents\visual studio 2010\Projects\TheGunslingerFollowed\TheGunslingerFollowed\Debug\link.5796.read.1.tlog
C:\Users\Michael\documents\visual studio 2010\Projects\TheGunslingerFollowed\TheGunslingerFollowed\Debug\link.5796.write.1.tlog
C:\Users\Michael\documents\visual studio 2010\Projects\TheGunslingerFollowed\TheGunslingerFollowed\Debug\link.5796-cvtres.read.1.tlog
C:\Users\Michael\documents\visual studio 2010\Projects\TheGunslingerFollowed\TheGunslingerFollowed\Debug\link.5796-cvtres.write.1.tlog
C:\Users\Michael\documents\visual studio 2010\Projects\TheGunslingerFollowed\TheGunslingerFollowed\Debug\link.5988.read.1.tlog
C:\Users\Michael\documents\visual studio 2010\Projects\TheGunslingerFollowed\TheGunslingerFollowed\Debug\link.5988.write.1.tlog
C:\Users\Michael\documents\visual studio 2010\Projects\TheGunslingerFollowed\TheGunslingerFollowed\Debug\link.5988-cvtres.read.1.tlog
C:\Users\Michael\documents\visual studio 2010\Projects\TheGunslingerFollowed\TheGunslingerFollowed\Debug\link.5988-cvtres.write.1.tlog
C:\Users\Michael\documents\visual studio 2010\Projects\TheGunslingerFollowed\TheGunslingerFollowed\Debug\link.6120.read.1.tlog
C:\Users\Michael\documents\visual studio 2010\Projects\TheGunslingerFollowed\TheGunslingerFollowed\Debug\link.6120.write.1.tlog
C:\Users\Michael\documents\visual studio 2010\Projects\TheGunslingerFollowed\TheGunslingerFollowed\Debug\link.6120-cvtres.read.1.tlog
C:\Users\Michael\documents\visual studio 2010\Projects\TheGunslingerFollowed\TheGunslingerFollowed\Debug\link.6120-cvtres.write.1.tlog
C:\Users\Michael\documents\visual studio 2010\Projects\TheGunslingerFollowed\TheGunslingerFollowed\Debug\link.6328.read.1.tlog
C:\Users\Michael\documents\visual studio 2010\Projects\TheGunslingerFollowed\TheGunslingerFollowed\Debug\link.6328.write.1.tlog
C:\Users\Michael\documents\visual studio 2010\Projects\TheGunslingerFollowed\TheGunslingerFollowed\Debug\link.6328-cvtres.read.1.tlog
C:\Users\Michael\documents\visual studio 2010\Projects\TheGunslingerFollowed\TheGunslingerFollowed\Debug\link.6328-cvtres.write.1.tlog
C:\Users\Michael\documents\visual studio 2010\Projects\TheGunslingerFollowed\TheGunslingerFollowed\Debug\link.6368.read.1.tlog
C:\Users\Michael\documents\visual studio 2010\Projects\TheGunslingerFollowed\TheGunslingerFollowed\Debug\link.6368.write.1.tlog
C:\Users\Michael\documents\visual studio 2010\Projects\TheGunslingerFollowed\TheGunslingerFollowed\Debug\link.6368-cvtres.read.1.tlog
C:\Users\Michael\documents\visual studio 2010\Projects\TheGunslingerFollowed\TheGunslingerFollowed\Debug\link.6368-cvtres.write.1.tlog
C:\Users\Michael\documents\visual studio 2010\Projects\TheGunslingerFollowed\TheGunslingerFollowed\Debug\link.6596.read.1.tlog
C:\Users\Michael\documents\visual studio 2010\Projects\TheGunslingerFollowed\TheGunslingerFollowed\Debug\link.6596.write.1.tlog
C:\Users\Michael\documents\visual studio 2010\Projects\TheGunslingerFollowed\TheGunslingerFollowed\Debug\link.6596-cvtres.read.1.tlog
C:\Users\Michael\documents\visual studio 2010\Projects\TheGunslingerFollowed\TheGunslingerFollowed\Debug\link.6596-cvtres.write.1.tlog
C:\Users\Michael\documents\visual studio 2010\Projects\TheGunslingerFollowed\TheGunslingerFollowed\Debug\link.6692.read.1.tlog
C:\Users\Michael\documents\visual studio 2010\Projects\TheGunslingerFollowed\TheGunslingerFollowed\Debug\link.6692.write.1.tlog
C:\Users\Michael\documents\visual studio 2010\Projects\TheGunslingerFollowed\TheGunslingerFollowed\Debug\link.6692-cvtres.read.1.tlog
C:\Users\Michael\documents\visual studio 2010\Projects\TheGunslingerFollowed\TheGunslingerFollowed\Debug\link.6692-cvtres.write.1.tlog
C:\Users\Michael\documents\visual studio 2010\Projects\TheGunslingerFollowed\TheGunslingerFollowed\Debug\link.6724.read.1.tlog
C:\Users\Michael\documents\visual studio 2010\Projects\TheGunslingerFollowed\TheGunslingerFollowed\Debug\link.6724.write.1.tlog
C:\Users\Michael\documents\visual studio 2010\Projects\TheGunslingerFollowed\TheGunslingerFollowed\Debug\link.6724-cvtres.read.1.tlog
C:\Users\Michael\documents\visual studio 2010\Projects\TheGunslingerFollowed\TheGunslingerFollowed\Debug\link.6724-cvtres.write.1.tlog
C:\Users\Michael\documents\visual studio 2010\Projects\TheGunslingerFollowed\TheGunslingerFollowed\Debug\link.6980.read.1.tlog
C:\Users\Michael\documents\visual studio 2010\Projects\TheGunslingerFollowed\TheGunslingerFollowed\Debug\link.6980.write.1.tlog
C:\Users\Michael\documents\visual studio 2010\Projects\TheGunslingerFollowed\TheGunslingerFollowed\Debug\link.6980-cvtres.read.1.tlog
C:\Users\Michael\documents\visual studio 2010\Projects\TheGunslingerFollowed\TheGunslingerFollowed\Debug\link.6980-cvtres.write.1.tlog
C:\Users\Michael\documents\visual studio 2010\Projects\TheGunslingerFollowed\TheGunslingerFollowed\Debug\link.7616.read.1.tlog
C:\Users\Michael\documents\visual studio 2010\Projects\TheGunslingerFollowed\TheGunslingerFollowed\Debug\link.7616.write.1.tlog
C:\Users\Michael\documents\visual studio 2010\Projects\TheGunslingerFollowed\TheGunslingerFollowed\Debug\link.7616-cvtres.read.1.tlog
C:\Users\Michael\documents\visual studio 2010\Projects\TheGunslingerFollowed\TheGunslingerFollowed\Debug\link.7616-cvtres.write.1.tlog
C:\Users\Michael\documents\visual studio 2010\Projects\TheGunslingerFollowed\TheGunslingerFollowed\Debug\link.8688.read.1.tlog
C:\Users\Michael\documents\visual studio 2010\Projects\TheGunslingerFollowed\TheGunslingerFollowed\Debug\link.8688.write.1.tlog
C:\Users\Michael\documents\visual studio 2010\Projects\TheGunslingerFollowed\TheGunslingerFollowed\Debug\link.8688-cvtres.read.1.tlog
C:\Users\Michael\documents\visual studio 2010\Projects\TheGunslingerFollowed\TheGunslingerFollowed\Debug\link.8688-cvtres.write.1.tlog
C:\Users\Michael\documents\visual studio 2010\Projects\TheGunslingerFollowed\TheGunslingerFollowed\Debug\link.9012.read.1.tlog
C:\Users\Michael\documents\visual studio 2010\Projects\TheGunslingerFollowed\TheGunslingerFollowed\Debug\link.9012.write.1.tlog
C:\Users\Michael\documents\visual studio 2010\Projects\TheGunslingerFollowed\TheGunslingerFollowed\Debug\link.9012-cvtres.read.1.tlog
C:\Users\Michael\documents\visual studio 2010\Projects\TheGunslingerFollowed\TheGunslingerFollowed\Debug\link.9012-cvtres.write.1.tlog
C:\Users\Michael\documents\visual studio 2010\Projects\TheGunslingerFollowed\TheGunslingerFollowed\Debug\link.9476.read.1.tlog
C:\Users\Michael\documents\visual studio 2010\Projects\TheGunslingerFollowed\TheGunslingerFollowed\Debug\link.9476.write.1.tlog
C:\Users\Michael\documents\visual studio 2010\Projects\TheGunslingerFollowed\TheGunslingerFollowed\Debug\link.9476-cvtres.read.1.tlog
C:\Users\Michael\documents\visual studio 2010\Projects\TheGunslingerFollowed\TheGunslingerFollowed\Debug\link.9476-cvtres.write.1.tlog
C:\Users\Michael\documents\visual studio 2010\Projects\TheGunslingerFollowed\TheGunslingerFollowed\Debug\link.command.1.tlog
C:\Users\Michael\documents\visual studio 2010\Projects\TheGunslingerFollowed\TheGunslingerFollowed\Debug\link.read.1.tlog
C:\Users\Michael\documents\visual studio 2010\Projects\TheGunslingerFollowed\TheGunslingerFollowed\Debug\link.write.1.tlog
C:\Users\Michael\documents\visual studio 2010\Projects\TheGunslingerFollowed\TheGunslingerFollowed\Debug\link-cvtres.read.1.tlog
C:\Users\Michael\documents\visual studio 2010\Projects\TheGunslingerFollowed\TheGunslingerFollowed\Debug\link-cvtres.write.1.tlog
C:\USERS\MICHAEL\DOCUMENTS\VISUAL STUDIO 2010\PROJECTS\THEGUNSLINGERFOLLOWED\THEGUNSLINGERFOLLOWED\DEBUG\MAINAPP.OBJ
C:\USERS\MICHAEL\DOCUMENTS\VISUAL STUDIO 2010\PROJECTS\THEGUNSLINGERFOLLOWED\THEGUNSLINGERFOLLOWED\DEBUG\MATHHELPER.OBJ
C:\USERS\MICHAEL\DOCUMENTS\VISUAL STUDIO 2010\PROJECTS\THEGUNSLINGERFOLLOWED\THEGUNSLINGERFOLLOWED\DEBUG\MOHAINEDESERT.OBJ
C:\USERS\MICHAEL\DOCUMENTS\VISUAL STUDIO 2010\PROJECTS\THEGUNSLINGERFOLLOWED\THEGUNSLINGERFOLLOWED\DEBUG\MOHAINEDESERTTERRAIN.OBJ
C:\Users\Michael\documents\visual studio 2010\Projects\TheGunslingerFollowed\TheGunslingerFollowed\Debug\mt.command.1.tlog
C:\Users\Michael\documents\visual studio 2010\Projects\TheGunslingerFollowed\TheGunslingerFollowed\Debug\mt.read.1.tlog
C:\Users\Michael\documents\visual studio 2010\Projects\TheGunslingerFollowed\TheGunslingerFollowed\Debug\mt.write.1.tlog
C:\USERS\MICHAEL\DOCUMENTS\VISUAL STUDIO 2010\PROJECTS\THEGUNSLINGERFOLLOWED\THEGUNSLINGERFOLLOWED\DEBUG\NOISE.OBJ
C:\USERS\MICHAEL\DOCUMENTS\VISUAL STUDIO 2010\PROJECTS\THEGUNSLINGERFOLLOWED\THEGUNSLINGERFOLLOWED\DEBUG\PARTICLESYSTEM.OBJ
C:\USERS\MICHAEL\DOCUMENTS\VISUAL STUDIO 2010\PROJECTS\THEGUNSLINGERFOLLOWED\THEGUNSLINGERFOLLOWED\DEBUG\PERLINNOISE2D.OBJ
C:\Users\Michael\documents\visual studio 2010\Projects\TheGunslingerFollowed\TheGunslingerFollowed\Debug\rc.command.1.tlog
C:\Users\Michael\documents\visual studio 2010\Projects\TheGunslingerFollowed\TheGunslingerFollowed\Debug\rc.read.1.tlog
C:\Users\Michael\documents\visual studio 2010\Projects\TheGunslingerFollowed\TheGunslingerFollowed\Debug\rc.write.1.tlog
C:\USERS\MICHAEL\DOCUMENTS\VISUAL STUDIO 2010\PROJECTS\THEGUNSLINGERFOLLOWED\THEGUNSLINGERFOLLOWED\DEBUG\RENDERSTATES.OBJ
C:\USERS\MICHAEL\DOCUMENTS\VISUAL STUDIO 2010\PROJECTS\THEGUNSLINGERFOLLOWED\THEGUNSLINGERFOLLOWED\DEBUG\SCENETIMER.OBJ
C:\USERS\MICHAEL\DOCUMENTS\VISUAL STUDIO 2010\PROJECTS\THEGUNSLINGERFOLLOWED\THEGUNSLINGERFOLLOWED\DEBUG\SKY.OBJ
C:\USERS\MICHAEL\DOCUMENTS\VISUAL STUDIO 2010\PROJECTS\THEGUNSLINGERFOLLOWED\THEGUNSLINGERFOLLOWED\DEBUG\TERRAIN.OBJ
C:\USERS\MICHAEL\DOCUMENTS\VISUAL STUDIO 2010\PROJECTS\THEGUNSLINGERFOLLOWED\THEGUNSLINGERFOLLOWED\DEBUG\TEXTUREMANAGER.OBJ
C:\USERS\MICHAEL\DOCUMENTS\VISUAL STUDIO 2010\PROJECTS\THEGUNSLINGERFOLLOWED\THEGUNSLINGERFOLLOWED\DEBUG\THEGUNSLINGERFOLLOWED.EXE.EMBED.MANIFEST
C:\USERS\MICHAEL\DOCUMENTS\VISUAL STUDIO 2010\PROJECTS\THEGUNSLINGERFOLLOWED\THEGUNSLINGERFOLLOWED\DEBUG\THEGUNSLINGERFOLLOWED.EXE.EMBED.MANIFEST.RES
C:\USERS\MICHAEL\DOCUMENTS\VISUAL STUDIO 2010\PROJECTS\THEGUNSLINGERFOLLOWED\THEGUNSLINGERFOLLOWED\DEBUG\THEGUNSLINGERFOLLOWED.EXE.INTERMEDIATE.MANIFEST
C:\Users\Michael\documents\visual studio 2010\Projects\TheGunslingerFollowed\TheGunslingerFollowed\Debug\TheGunslingerFollowed.write.1.tlog
C:\Users\Michael\documents\visual studio 2010\Projects\TheGunslingerFollowed\TheGunslingerFollowed\Debug\TheGunslingerFollowed_manifest.rc
C:\Users\Michael\documents\visual studio 2010\Projects\TheGunslingerFollowed\TheGunslingerFollowed\Debug\vc100.idb
C:\USERS\MICHAEL\DOCUMENTS\VISUAL STUDIO 2010\PROJECTS\THEGUNSLINGERFOLLOWED\THEGUNSLINGERFOLLOWED\DEBUG\VC100.PDB
C:\USERS\MICHAEL\DOCUMENTS\VISUAL STUDIO 2010\PROJECTS\THEGUNSLINGERFOLLOWED\THEGUNSLINGERFOLLOWED\DEBUG\VECTOR2.OBJ
C:\USERS\MICHAEL\DOCUMENTS\VISUAL STUDIO 2010\PROJECTS\THEGUNSLINGERFOLLOWED\THEGUNSLINGERFOLLOWED\DEBUG\VECTOR3.OBJ
C:\USERS\MICHAEL\DOCUMENTS\VISUAL STUDIO 2010\PROJECTS\THEGUNSLINGERFOLLOWED\THEGUNSLINGERFOLLOWED\DEBUG\VERTEX.OBJ
C:\USERS\MICHAEL\DOCUMENTS\VISUAL STUDIO 2010\PROJECTS\THEGUNSLINGERFOLLOWED\THEGUNSLINGERFOLLOWED\FX\TERRAIN.FXO
